<?xml version="1.0" encoding="UTF-8"?>
<!-- Generated by org.testng.reporters.JUnitReportReporter -->
<testsuite hostname="ASISH" failures="0" tests="1" name="com.sportyshoes.test.Script002GETAllRegisteredUsers" time="1.943" errors="0" timestamp="2023-11-11T09:48:52 IST" skipped="0">
  <testcase classname="com.sportyshoes.test.Script002GETAllRegisteredUsers" name="getAllRegisteredUsers" time="1.943"/>
  <system-out/>
</testsuite> <!-- com.sportyshoes.test.Script002GETAllRegisteredUsers -->
