<?xml version="1.0" encoding="UTF-8"?>
<!-- Generated by org.testng.reporters.JUnitReportReporter -->
<testsuite hostname="ASISH" failures="0" tests="1" name="com.sportyshoes.test.Script003AddProduct" time="2.550" errors="0" timestamp="2023-11-14T16:32:22 IST" skipped="0">
  <testcase classname="com.sportyshoes.test.Script003AddProduct" name="AddProduct" time="2.550"/>
  <system-out/>
</testsuite> <!-- com.sportyshoes.test.Script003AddProduct -->
