<?xml version="1.0" encoding="UTF-8"?>
<!-- Generated by org.testng.reporters.JUnitReportReporter -->
<testsuite hostname="ASISH" failures="0" tests="1" name="com.sportyshoes.test.Script004UpdateProduct" time="2.440" errors="0" timestamp="2023-11-14T16:33:38 IST" skipped="0">
  <testcase classname="com.sportyshoes.test.Script004UpdateProduct" name="Upadate_Product" time="2.440"/>
  <system-out/>
</testsuite> <!-- com.sportyshoes.test.Script004UpdateProduct -->
