<?xml version="1.0" encoding="UTF-8"?>
<!-- Generated by org.testng.reporters.JUnitReportReporter -->
<testsuite hostname="ASISH" failures="0" tests="1" name="com.sportyshoes.test.Scrip001GETAllProducts" time="1.927" errors="0" timestamp="2023-11-11T09:47:25 IST" skipped="0">
  <testcase classname="com.sportyshoes.test.Scrip001GETAllProducts" name="getAllProducts" time="1.927"/>
  <system-out/>
</testsuite> <!-- com.sportyshoes.test.Scrip001GETAllProducts -->
