<?xml version="1.0" encoding="UTF-8"?>
<!-- Generated by org.testng.reporters.JUnitReportReporter -->
<testsuite hostname="ASISH" failures="0" tests="1" name="com.sportyshoes.test.Script005DeleteProduct" time="2.589" errors="0" timestamp="2023-11-11T09:52:30 IST" skipped="0">
  <testcase classname="com.sportyshoes.test.Script005DeleteProduct" name="delete_product" time="2.589"/>
  <system-out/>
</testsuite> <!-- com.sportyshoes.test.Script005DeleteProduct -->
