<?xml version="1.0" encoding="UTF-8"?>
<!-- Generated by org.testng.reporters.JUnitReportReporter -->
<testsuite hostname="ASISH" failures="0" tests="4" name="com.sportyshoes.testpages.SportyShoesPageTest" time="42.047" errors="0" timestamp="2023-11-13T10:08:48 IST" skipped="0">
  <testcase classname="com.sportyshoes.testpages.SportyShoesPageTest" name="User_Registration" time="25.163"/>
  <testcase classname="com.sportyshoes.testpages.SportyShoesPageTest" name="User_Login" time="4.424"/>
  <testcase classname="com.sportyshoes.testpages.SportyShoesPageTest" name="Add_To_Cart" time="4.148"/>
  <testcase classname="com.sportyshoes.testpages.SportyShoesPageTest" name="Place_Order" time="8.312"/>
</testsuite> <!-- com.sportyshoes.testpages.SportyShoesPageTest -->
