<?xml version="1.0" encoding="UTF-8"?>
<!-- Generated by org.testng.reporters.JUnitReportReporter -->
<testsuite hostname="ASISH" failures="0" tests="1" name="com.sportyshoes.testpages.RegistrationPageTest" time="24.448" errors="0" timestamp="2023-11-04T14:46:29 IST" skipped="0">
  <testcase classname="com.sportyshoes.testpages.RegistrationPageTest" name="User_Registration" time="24.448"/>
</testsuite> <!-- com.sportyshoes.testpages.RegistrationPageTest -->
